TN:
SF:complex_application/src/main.rs
FN:39,complex_application::tests::add_test_2
FN:43,complex_application::tests::add_test_3
FN:42,complex_application::tests::add_test_3::{closure#0}
FN:46,complex_application::tests::dumb::{closure#0}
FN:34,complex_application::tests::add_test_1::{closure#0}
FN:26,complex_application::add
FN:1,complex_application::main
FN:14,complex_application::main
FN:14,complex_application::main
FN:47,complex_application::tests::dumb
FN:38,complex_application::tests::add_test_2::{closure#0}
FN:26,complex_application::add
FN:35,complex_application::tests::add_test_1
FNDA:1,complex_application::tests::add_test_2
FNDA:1,complex_application::tests::add_test_3
FNDA:1,complex_application::tests::add_test_3::{closure#0}
FNDA:1,complex_application::tests::dumb::{closure#0}
FNDA:1,complex_application::tests::add_test_1::{closure#0}
FNDA:0,complex_application::add
FNDA:1,complex_application::main
FNDA:0,complex_application::main
FNDA:0,complex_application::main
FNDA:1,complex_application::tests::dumb
FNDA:1,complex_application::tests::add_test_2::{closure#0}
FNDA:1,complex_application::add
FNDA:1,complex_application::tests::add_test_1
FNF:13
FNH:10
BRF:0
BRH:0
DA:1,3
DA:14,0
DA:15,0
DA:16,0
DA:17,0
DA:18,0
DA:19,0
DA:20,0
DA:21,0
DA:22,0
DA:23,0
DA:24,0
DA:26,11
DA:27,11
DA:28,11
DA:34,4
DA:35,4
DA:36,4
DA:37,4
DA:38,4
DA:39,4
DA:40,4
DA:41,4
DA:42,4
DA:43,4
DA:44,4
DA:45,4
DA:46,4
DA:47,4
DA:48,4
DA:49,4
LF:31
LH:20
end_of_record
SF:complex_application/build.rs
FN:14,build_script_build::main
FN:3,build_script_build::check
FNDA:1,build_script_build::main
FNDA:1,build_script_build::check
FNF:2
FNH:2
BRF:0
BRH:0
DA:3,24
DA:4,24
DA:5,24
DA:6,24
DA:7,24
DA:8,24
DA:9,24
DA:10,0
DA:12,24
DA:14,12
DA:15,36
DA:16,24
DA:17,24
DA:18,12
LF:14
LH:13
end_of_record
SF:complex_application/src/complex_module/mod.rs
FN:3,complex_application::complex_module::sub_flip
FN:3,complex_application::complex_module::sub_flip
FNDA:0,complex_application::complex_module::sub_flip
FNDA:0,complex_application::complex_module::sub_flip
FNF:2
FNH:0
BRF:0
BRH:0
DA:3,0
DA:4,0
DA:5,0
LF:3
LH:0
end_of_record
SF:simple_application/src/main.rs
FN:1,simple_application::main
FN:6,simple_application::main
FN:6,simple_application::main
FN:13,simple_application::tests::one::{closure#0}
FN:14,simple_application::tests::one
FNDA:1,simple_application::main
FNDA:0,simple_application::main
FNDA:0,simple_application::main
FNDA:1,simple_application::tests::one::{closure#0}
FNDA:1,simple_application::tests::one
FNF:5
FNH:3
BRF:0
BRH:0
DA:1,4
DA:6,0
DA:7,0
DA:8,0
DA:13,4
DA:14,4
DA:15,4
DA:16,4
LF:8
LH:5
end_of_record
SF:library_one/src/lib.rs
FN:17,library_one::tests::two
FN:13,library_one::tests::one
FN:5,library_one::div
FN:16,library_one::tests::two::{closure#0}
FN:1,library_one::main
FN:21,library_one::tests::three
FN:20,library_one::tests::three::{closure#0}
FN:12,library_one::tests::one::{closure#0}
FNDA:1,library_one::tests::two
FNDA:1,library_one::tests::one
FNDA:1,library_one::div
FNDA:1,library_one::tests::two::{closure#0}
FNDA:1,library_one::main
FNDA:1,library_one::tests::three
FNDA:1,library_one::tests::three::{closure#0}
FNDA:1,library_one::tests::one::{closure#0}
FNF:8
FNH:8
BRF:0
BRH:0
DA:1,4
DA:5,12
DA:6,12
DA:7,12
DA:12,4
DA:13,4
DA:14,4
DA:15,4
DA:16,4
DA:17,4
DA:18,4
DA:19,4
DA:20,4
DA:21,4
DA:22,4
DA:23,4
LF:16
LH:16
end_of_record
SF:complex_application/src/complex_module/part.rs
FN:9,complex_application::complex_module::part::tests::flip_test
FN:8,complex_application::complex_module::part::tests::flip_test::{closure#0}
FN:1,complex_application::complex_module::part::flip
FN:1,complex_application::complex_module::part::flip
FNDA:1,complex_application::complex_module::part::tests::flip_test
FNDA:1,complex_application::complex_module::part::tests::flip_test::{closure#0}
FNDA:0,complex_application::complex_module::part::flip
FNDA:1,complex_application::complex_module::part::flip
FNF:4
FNH:3
BRF:0
BRH:0
DA:1,3
DA:2,3
DA:3,3
DA:8,3
DA:9,3
DA:10,3
DA:11,3
LF:7
LH:7
end_of_record
SF:complex_application/src/simple_module.rs
FN:2,complex_application::simple_module::its_true
FN:2,complex_application::simple_module::its_true
FNDA:0,complex_application::simple_module::its_true
FNDA:1,complex_application::simple_module::its_true
FNF:2
FNH:1
BRF:0
BRH:0
DA:2,4
DA:3,4
DA:4,4
LF:3
LH:3
end_of_record
SF:complex_application/tests/integration-tests.rs
FN:1,integration_tests::integration_test_two::{closure#0}
FN:2,integration_tests::integration_test_two
FN:1,integration_tests::main
FNDA:1,integration_tests::integration_test_two::{closure#0}
FNDA:1,integration_tests::integration_test_two
FNDA:1,integration_tests::main
FNF:3
FNH:3
BRF:0
BRH:0
DA:1,4
DA:2,4
DA:3,4
DA:4,4
LF:4
LH:4
end_of_record
SF:complex_application/tests/more-integration-tests.rs
FN:2,more_integration_tests::integration_test_one
FN:1,more_integration_tests::integration_test_one::{closure#0}
FN:1,more_integration_tests::main
FNDA:1,more_integration_tests::integration_test_one
FNDA:1,more_integration_tests::integration_test_one::{closure#0}
FNDA:1,more_integration_tests::main
FNF:3
FNH:3
BRF:0
BRH:0
DA:1,4
DA:2,4
DA:3,4
DA:4,4
LF:4
LH:4
end_of_record
