TN:
SF:complex_application/src/simple_module.rs
FN:2,complex_application::simple_module::its_true
FN:2,complex_application::simple_module::its_true
FNDA:0,complex_application::simple_module::its_true
FNDA:1,complex_application::simple_module::its_true
FNF:2
FNH:1
BRF:0
BRH:0
DA:2,1
DA:3,1
DA:4,1
LF:3
LH:3
end_of_record
SF:complex_application/build.rs
FN:16,build_script_build::main
FN:5,build_script_build::check
FNDA:1,build_script_build::main
FNDA:1,build_script_build::check
FNF:2
FNH:2
BRF:0
BRH:0
DA:5,4
DA:6,4
DA:7,4
DA:8,4
DA:9,4
DA:10,4
DA:11,4
DA:12,0
DA:14,4
DA:16,2
DA:18,6
DA:19,4
DA:20,4
DA:21,2
LF:14
LH:13
end_of_record
SF:complex_application/tests/integration-tests.rs
FN:1,integration_tests::integration_test_two::{closure#0}
FN:1,integration_tests::main
FN:2,integration_tests::integration_test_two
FNDA:1,integration_tests::integration_test_two::{closure#0}
FNDA:1,integration_tests::main
FNDA:1,integration_tests::integration_test_two
FNF:3
FNH:3
BRF:0
BRH:0
DA:1,1
DA:2,1
DA:3,1
DA:4,1
LF:4
LH:4
end_of_record
SF:simple_application/src/main.rs
FN:14,simple_application::tests::one
FN:1,simple_application::main
FN:6,simple_application::main
FN:6,simple_application::main
FN:13,simple_application::tests::one::{closure#0}
FNDA:1,simple_application::tests::one
FNDA:1,simple_application::main
FNDA:0,simple_application::main
FNDA:0,simple_application::main
FNDA:1,simple_application::tests::one::{closure#0}
FNF:5
FNH:3
BRF:0
BRH:0
DA:1,1
DA:6,0
DA:7,0
DA:8,0
DA:13,1
DA:14,1
DA:15,1
DA:16,1
LF:8
LH:5
end_of_record
SF:library_one/src/lib.rs
FN:21,library_one::tests::three
FN:1,library_one::main
FN:13,library_one::tests::one
FN:5,library_one::div
FN:17,library_one::tests::two
FN:16,library_one::tests::two::{closure#0}
FN:12,library_one::tests::one::{closure#0}
FN:20,library_one::tests::three::{closure#0}
FNDA:1,library_one::tests::three
FNDA:1,library_one::main
FNDA:1,library_one::tests::one
FNDA:1,library_one::div
FNDA:1,library_one::tests::two
FNDA:1,library_one::tests::two::{closure#0}
FNDA:1,library_one::tests::one::{closure#0}
FNDA:1,library_one::tests::three::{closure#0}
FNF:8
FNH:8
BRF:0
BRH:0
DA:1,1
DA:5,3
DA:6,3
DA:7,3
DA:12,1
DA:13,1
DA:14,1
DA:15,1
DA:16,1
DA:17,1
DA:18,1
DA:19,1
DA:20,1
DA:21,1
DA:22,1
DA:23,1
LF:16
LH:16
end_of_record
SF:complex_application/src/main.rs
FN:46,complex_application::tests::add_test_3::{closure#0}
FN:39,complex_application::tests::add_test_1
FN:1,complex_application::main
FN:30,complex_application::add
FN:14,complex_application::main
FN:38,complex_application::tests::add_test_1::{closure#0}
FN:50,complex_application::tests::dumb::{closure#0}
FN:14,complex_application::main
FN:30,complex_application::add
FN:47,complex_application::tests::add_test_3
FN:43,complex_application::tests::add_test_2
FN:42,complex_application::tests::add_test_2::{closure#0}
FN:51,complex_application::tests::dumb
FNDA:1,complex_application::tests::add_test_3::{closure#0}
FNDA:1,complex_application::tests::add_test_1
FNDA:1,complex_application::main
FNDA:1,complex_application::add
FNDA:0,complex_application::main
FNDA:1,complex_application::tests::add_test_1::{closure#0}
FNDA:1,complex_application::tests::dumb::{closure#0}
FNDA:0,complex_application::main
FNDA:0,complex_application::add
FNDA:1,complex_application::tests::add_test_3
FNDA:1,complex_application::tests::add_test_2
FNDA:1,complex_application::tests::add_test_2::{closure#0}
FNDA:1,complex_application::tests::dumb
FNF:13
FNH:10
BRF:0
BRH:0
DA:1,1
DA:14,0
DA:15,0
DA:16,0
DA:17,0
DA:18,0
DA:19,0
DA:20,0
DA:21,0
DA:22,0
DA:23,0
DA:24,0
DA:25,0
DA:26,0
DA:27,0
DA:28,0
DA:30,3
DA:31,3
DA:32,3
DA:38,1
DA:39,1
DA:40,1
DA:41,1
DA:42,1
DA:43,1
DA:44,1
DA:45,1
DA:46,1
DA:47,1
DA:48,1
DA:49,1
DA:50,1
DA:51,1
DA:52,1
DA:53,1
LF:35
LH:20
end_of_record
SF:complex_application/src/complex_module/part.rs
FN:1,complex_application::complex_module::part::flip
FN:1,complex_application::complex_module::part::flip
FN:8,complex_application::complex_module::part::tests::flip_test::{closure#0}
FN:9,complex_application::complex_module::part::tests::flip_test
FNDA:1,complex_application::complex_module::part::flip
FNDA:0,complex_application::complex_module::part::flip
FNDA:1,complex_application::complex_module::part::tests::flip_test::{closure#0}
FNDA:1,complex_application::complex_module::part::tests::flip_test
FNF:4
FNH:3
BRF:0
BRH:0
DA:1,1
DA:2,1
DA:3,1
DA:8,1
DA:9,1
DA:10,1
DA:11,1
LF:7
LH:7
end_of_record
SF:complex_application/src/complex_module/mod.rs
FN:3,complex_application::complex_module::sub_flip
FN:3,complex_application::complex_module::sub_flip
FNDA:0,complex_application::complex_module::sub_flip
FNDA:0,complex_application::complex_module::sub_flip
FNF:2
FNH:0
BRF:0
BRH:0
DA:3,0
DA:4,0
DA:5,0
LF:3
LH:0
end_of_record
SF:complex_application/tests/more-integration-tests.rs
FN:1,more_integration_tests::main
FN:2,more_integration_tests::integration_test_one
FN:1,more_integration_tests::integration_test_one::{closure#0}
FNDA:1,more_integration_tests::main
FNDA:1,more_integration_tests::integration_test_one
FNDA:1,more_integration_tests::integration_test_one::{closure#0}
FNF:3
FNH:3
BRF:0
BRH:0
DA:1,1
DA:2,1
DA:3,1
DA:4,1
LF:4
LH:4
end_of_record
